#
# A fatal error has been detected by the Java Runtime Environment:
#
#  SIGSEGV (0xb) at pc=0x0000000000000000, pid=25790, tid=8451
#
# JRE version: Java(TM) SE Runtime Environment (8.0_25-b17) (build 1.8.0_25-b17)
# Java VM: Java HotSpot(TM) 64-Bit Server VM (25.25-b02 mixed mode bsd-amd64 compressed oops)
# Problematic frame:
# C  0x0000000000000000
#
# Failed to write core dump. Core dumps have been disabled. To enable core dumping, try "ulimit -c unlimited" before starting Java again
#
# If you would like to submit a bug report, please visit:
#   http://bugreport.sun.com/bugreport/crash.jsp
#

---------------  T H R E A D  ---------------

Current thread (0x00007fc02980d800):  GCTaskThread [stack: 0x00000001175de000,0x00000001176de000] [id=8451]

siginfo: si_signo: 11 (SIGSEGV), si_code: 1 (SEGV_MAPERR), si_addr: 0x0000000000000000

Registers:
RAX=0x0000000000000000, RBX=0x0000000000000001, RCX=0x0000000000000003, RDX=0x0000000000000001
RSP=0x00000001176ddc78, RBP=0x00000001176ddce0, RSI=0x00000007a0d88c10, RDI=0x00000007c010e3d0
R8 =0x000000010769d750, R9 =0x0000000760393da0, R10=0x0000000760395da0, R11=0xffffffffbf61d501
R12=0x0000000107694566, R13=0x00000007603955fd, R14=0x00007fc02a812000, R15=0x00007fc02a812098
RIP=0x0000000000000000, EFLAGS=0x0000000000010246, ERR=0x0000000000000014
  TRAPNO=0x000000000000000e

Top of Stack: (sp=0x00000001176ddc78)
0x00000001176ddc78:   0000000107298319 00000007a1feb180
0x00000001176ddc88:   00000007a0d88c10 00000007601377e0
0x00000001176ddc98:   0000000000000400 0000000760393da0
0x00000001176ddca8:   0000000000000400 0000000107694566
0x00000001176ddcb8:   00000007603955fd 0000000107694566
0x00000001176ddcc8:   00000007603955fd 00000007603955fc
0x00000001176ddcd8:   00007fc02a812098 00000001176ddd00
0x00000001176ddce8:   0000000107298737 00007fc02a812000
0x00000001176ddcf8:   00007fc02a812060 00000001176ddd60
0x00000001176ddd08:   0000000107297864 00000007601384f5
0x00000001176ddd18:   01000001073d4a01 00000007603955fd
0x00000001176ddd28:   00007fc029624970 00000001176ddd60
0x00000001176ddd38:   0000000000000000 0000000000000000
0x00000001176ddd48:   00000001073d4b00 00007fc02b1c9190
0x00000001176ddd58:   00007fc02a812000 00000001176dddb0
0x00000001176ddd68:   000000010729b20d 0000000000000000
0x00000001176ddd78:   0000000000000000 00000001176dddb0
0x00000001176ddd88:   00007fc02980d800 0000000000000000
0x00000001176ddd98:   00000001073d4b00 00007fc02b1c9190
0x00000001176ddda8:   0000000000000001 00000001176dde90
0x00000001176dddb8:   0000000107061f3d 00000001176dddf0
0x00000001176dddc8:   00007fc029622a40 00007fc029622a70
0x00000001176dddd8:   00007fc029622a80 00007fc029622e58
0x00000001176ddde8:   00000000000003d8 00007fc02980d800
0x00000001176dddf8:   00007fc029622e60 00007fc029622e90
0x00000001176dde08:   00007fc029622ea0 00007fc029622f78
0x00000001176dde18:   00000000000000d8 00000001176dde30
0x00000001176dde28:   0000000000000000 00007fc02980d800
0x00000001176dde38:   00007fc029622e60 00007fc029622e90
0x00000001176dde48:   00007fc029622ea0 00007fc029622f78
0x00000001176dde58:   00000000000000d8 00007fc029623090
0x00000001176dde68:   00007fc02980d800 00000000004d0e87 

Instructions: (pc=0x0000000000000000)
0xffffffffffffffe0:   

Register to memory mapping:

RAX=0x0000000000000000 is an unknown value
RBX=0x0000000000000001 is an unknown value
RCX=0x0000000000000003 is an unknown value
RDX=0x0000000000000001 is an unknown value
RSP=0x00000001176ddc78 is an unknown value
RBP=0x00000001176ddce0 is an unknown value
RSI=0x00000007a0d88c10 is an oop

[error occurred during error reporting (printing register info), id 0xb]

Stack: [0x00000001175de000,0x00000001176de000],  sp=0x00000001176ddc78,  free space=1023k

---------------  P R O C E S S  ---------------

Java Threads: ( => current thread )
  0x00007fc02986a800 JavaThread "Service Thread" daemon [_thread_blocked, id=18179, stack(0x000000011e7b1000,0x000000011e8b1000)]
  0x00007fc02983b000 JavaThread "C1 CompilerThread2" daemon [_thread_blocked, id=17667, stack(0x000000011e6ae000,0x000000011e7ae000)]
  0x00007fc02a815800 JavaThread "C2 CompilerThread1" daemon [_thread_in_native, id=17155, stack(0x000000011e5ab000,0x000000011e6ab000)]
  0x00007fc02b03c800 JavaThread "C2 CompilerThread0" daemon [_thread_blocked, id=16643, stack(0x000000011e4a8000,0x000000011e5a8000)]
  0x00007fc02983a000 JavaThread "Signal Dispatcher" daemon [_thread_blocked, id=13335, stack(0x000000011e3a5000,0x000000011e4a5000)]
  0x00007fc029834800 JavaThread "Finalizer" daemon [_thread_blocked, id=11523, stack(0x000000011c993000,0x000000011ca93000)]
  0x00007fc02a005000 JavaThread "Reference Handler" daemon [_thread_blocked, id=11011, stack(0x000000011c890000,0x000000011c990000)]
  0x00007fc02980c000 JavaThread "main" [_thread_blocked, id=4867, stack(0x0000000106453000,0x0000000106553000)]

Other Threads:
  0x00007fc02a813000 VMThread [stack: 0x000000011c78d000,0x000000011c88d000] [id=10499]
  0x00007fc02986b800 WatcherThread [stack: 0x000000011e8b4000,0x000000011e9b4000] [id=18691]

=>0x00007fc02980d800 (exited) GCTaskThread [stack: 0x00000001175de000,0x00000001176de000] [id=8451]

VM state:at safepoint (normal execution)

VM Mutex/Monitor currently owned by a thread:  ([mutex/lock_event])
[0x00007fc029501fc0] Threads_lock - owner thread: 0x00007fc02a813000
[0x00007fc0295024c0] Heap_lock - owner thread: 0x00007fc02980c000

Heap:
 PSYoungGen      total 28672K, used 28667K [0x00000007a0000000, 0x00000007a2000000, 0x00000007c0000000)
  eden space 24576K, 100% used [0x00000007a0000000,0x00000007a1800000,0x00000007a1800000)
  from space 4096K, 99% used [0x00000007a1800000,0x00000007a1bfef88,0x00000007a1c00000)
  to   space 4096K, 99% used [0x00000007a1c00000,0x00000007a1ffb180,0x00000007a2000000)
 ParOldGen       total 65536K, used 5365K [0x0000000760000000, 0x0000000764000000, 0x00000007a0000000)
  object space 65536K, 8% used [0x0000000760000000,0x000000076053d6b8,0x0000000764000000)
 Metaspace       used 11166K, capacity 11292K, committed 11648K, reserved 1058816K
  class space    used 1294K, capacity 1306K, committed 1408K, reserved 1048576K

Card table byte_map: [0x00000001170dc000,0x00000001173dd000] byte_map_base: 0x00000001135dc000

Marking Bits: (ParMarkBitMap*) 0x000000010769d390
 Begin Bits: [0x00000001179e9000, 0x00000001191e9000)
 End Bits:   [0x00000001191e9000, 0x000000011a9e9000)

Polling page: 0x0000000106597000

CodeCache: size=245760Kb used=4556Kb max_used=4556Kb free=241204Kb
 bounds [0x0000000107d1c000, 0x000000010819c000, 0x0000000116d1c000]
 total_blobs=1448 nmethods=1113 adapters=250
 compilation: enabled

Compilation events (10 events):
Event: 1.339 Thread 0x00007fc02983b000 nmethod 1124 0x000000010818f690 code [0x000000010818f820, 0x000000010818fc08]
Event: 1.343 Thread 0x00007fc02983b000 1126       2       com.sun.tools.javac.file.ZipFileIndex$DirectoryEntry::<init> (67 bytes)
Event: 1.344 Thread 0x00007fc02983b000 nmethod 1126 0x000000010818fdd0 code [0x000000010818ff40, 0x00000001081901d0]
Event: 1.344 Thread 0x00007fc02983b000 1127       2       com.sun.tools.javac.file.RelativePath$RelativeDirectory::dirname (46 bytes)
Event: 1.344 Thread 0x00007fc02983b000 nmethod 1127 0x0000000108190290 code [0x0000000108190420, 0x0000000108190688]
Event: 1.346 Thread 0x00007fc02983b000 1128       2       com.sun.tools.javac.file.RelativePath::equals (24 bytes)
Event: 1.346 Thread 0x00007fc02983b000 nmethod 1128 0x0000000108190810 code [0x0000000108190980, 0x0000000108190b88]
Event: 1.357 Thread 0x00007fc02983b000 1132       1       java.util.LinkedHashMap::removeEldestEntry (2 bytes)
Event: 1.357 Thread 0x00007fc02983b000 nmethod 1132 0x0000000108190c90 code [0x0000000108190de0, 0x0000000108190ef0]
Event: 1.362 Thread 0x00007fc02983b000 1133       2       com.sun.tools.javac.file.ZipFileIndex::access$700 (6 bytes)

GC Heap History (3 events):
Event: 0.853 GC heap before
{Heap before GC invocations=1 (full 0):
 PSYoungGen      total 28672K, used 24576K [0x00000007a0000000, 0x00000007a2000000, 0x00000007c0000000)
  eden space 24576K, 100% used [0x00000007a0000000,0x00000007a1800000,0x00000007a1800000)
  from space 4096K, 0% used [0x00000007a1c00000,0x00000007a1c00000,0x00000007a2000000)
  to   space 4096K, 0% used [0x00000007a1800000,0x00000007a1800000,0x00000007a1c00000)
 ParOldGen       total 65536K, used 0K [0x0000000760000000, 0x0000000764000000, 0x00000007a0000000)
  object space 65536K, 0% used [0x0000000760000000,0x0000000760000000,0x0000000764000000)
 Metaspace       used 8479K, capacity 8700K, committed 8960K, reserved 1056768K
  class space    used 975K, capacity 1018K, committed 1024K, reserved 1048576K
Event: 0.861 GC heap after
Heap after GC invocations=1 (full 0):
 PSYoungGen      total 28672K, used 4091K [0x00000007a0000000, 0x00000007a2000000, 0x00000007c0000000)
  eden space 24576K, 0% used [0x00000007a0000000,0x00000007a0000000,0x00000007a1800000)
  from space 4096K, 99% used [0x00000007a1800000,0x00000007a1bfef88,0x00000007a1c00000)
  to   space 4096K, 0% used [0x00000007a1c00000,0x00000007a1c00000,0x00000007a2000000)
 ParOldGen       total 65536K, used 328K [0x0000000760000000, 0x0000000764000000, 0x00000007a0000000)
  object space 65536K, 0% used [0x0000000760000000,0x00000007600522c0,0x0000000764000000)
 Metaspace       used 8479K, capacity 8700K, committed 8960K, reserved 1056768K
  class space    used 975K, capacity 1018K, committed 1024K, reserved 1048576K
}
Event: 1.362 GC heap before
{Heap before GC invocations=2 (full 0):
 PSYoungGen      total 28672K, used 28667K [0x00000007a0000000, 0x00000007a2000000, 0x00000007c0000000)
  eden space 24576K, 100% used [0x00000007a0000000,0x00000007a1800000,0x00000007a1800000)
  from space 4096K, 99% used [0x00000007a1800000,0x00000007a1bfef88,0x00000007a1c00000)
  to   space 4096K, 0% used [0x00000007a1c00000,0x00000007a1c00000,0x00000007a2000000)
 ParOldGen       total 65536K, used 328K [0x0000000760000000, 0x0000000764000000, 0x00000007a0000000)
  object space 65536K, 0% used [0x0000000760000000,0x00000007600522c0,0x0000000764000000)
 Metaspace       used 11166K, capacity 11292K, committed 11648K, reserved 1058816K
  class space    used 1294K, capacity 1306K, committed 1408K, reserved 1048576K

Deoptimization events (10 events):
Event: 1.019 Thread 0x00007fc02980c000 Uncommon trap: reason=class_check action=maybe_recompile pc=0x0000000107ffe650 method=java.util.Collections$UnmodifiableCollection$1.next()Ljava/lang/Object; @ 4
Event: 1.019 Thread 0x00007fc02980c000 Uncommon trap: reason=class_check action=maybe_recompile pc=0x0000000107f5d718 method=java.util.Collections$UnmodifiableCollection$1.hasNext()Z @ 4
Event: 1.022 Thread 0x00007fc02980c000 Uncommon trap: reason=class_check action=maybe_recompile pc=0x0000000107f69ef8 method=sun.misc.URLClassPath.getLoader(I)Lsun/misc/URLClassPath$Loader; @ 94
Event: 1.317 Thread 0x00007fc02980c000 Uncommon trap: reason=class_check action=maybe_recompile pc=0x0000000107f5d718 method=java.util.Collections$UnmodifiableCollection$1.hasNext()Z @ 4
Event: 1.317 Thread 0x00007fc02980c000 Uncommon trap: reason=class_check action=maybe_recompile pc=0x0000000107ffe650 method=java.util.Collections$UnmodifiableCollection$1.next()Ljava/lang/Object; @ 4
Event: 1.323 Thread 0x00007fc02980c000 Uncommon trap: reason=bimorphic action=maybe_recompile pc=0x0000000107f3f7b8 method=java.util.HashMap.getNode(ILjava/lang/Object;)Ljava/util/HashMap$Node; @ 59
Event: 1.326 Thread 0x00007fc02980c000 Uncommon trap: reason=bimorphic action=maybe_recompile pc=0x0000000107f3f7b8 method=java.util.HashMap.getNode(ILjava/lang/Object;)Ljava/util/HashMap$Node; @ 59
Event: 1.326 Thread 0x00007fc02980c000 Uncommon trap: reason=bimorphic action=maybe_recompile pc=0x0000000107f3f7b8 method=java.util.HashMap.getNode(ILjava/lang/Object;)Ljava/util/HashMap$Node; @ 59
Event: 1.326 Thread 0x00007fc02980c000 Uncommon trap: reason=bimorphic action=maybe_recompile pc=0x0000000107f3f7b8 method=java.util.HashMap.getNode(ILjava/lang/Object;)Ljava/util/HashMap$Node; @ 59
Event: 1.330 Thread 0x00007fc02980c000 Uncommon trap: reason=class_check action=maybe_recompile pc=0x0000000107ffe650 method=java.util.Collections$UnmodifiableCollection$1.next()Ljava/lang/Object; @ 4

Internal exceptions (10 events):
Event: 1.317 Thread 0x00007fc02980c000 Exception <a 'java/security/PrivilegedActionException'> (0x00000007a137e8a0) thrown at [/HUDSON3/workspace/8-2-build-macosx-x86_64/jdk8u25/1514/hotspot/src/share/vm/prims/jvm.cpp, line 1312]
Event: 1.317 Thread 0x00007fc02980c000 Exception <a 'java/security/PrivilegedActionException'> (0x00000007a137f1c0) thrown at [/HUDSON3/workspace/8-2-build-macosx-x86_64/jdk8u25/1514/hotspot/src/share/vm/prims/jvm.cpp, line 1312]
Event: 1.318 Thread 0x00007fc02980c000 Exception <a 'java/security/PrivilegedActionException'> (0x00000007a1384118) thrown at [/HUDSON3/workspace/8-2-build-macosx-x86_64/jdk8u25/1514/hotspot/src/share/vm/prims/jvm.cpp, line 1312]
Event: 1.318 Thread 0x00007fc02980c000 Exception <a 'java/security/PrivilegedActionException'> (0x00000007a13849f8) thrown at [/HUDSON3/workspace/8-2-build-macosx-x86_64/jdk8u25/1514/hotspot/src/share/vm/prims/jvm.cpp, line 1312]
Event: 1.320 Thread 0x00007fc02980c000 Exception <a 'java/security/PrivilegedActionException'> (0x00000007a1393498) thrown at [/HUDSON3/workspace/8-2-build-macosx-x86_64/jdk8u25/1514/hotspot/src/share/vm/prims/jvm.cpp, line 1312]
Event: 1.320 Thread 0x00007fc02980c000 Exception <a 'java/security/PrivilegedActionException'> (0x00000007a1393de8) thrown at [/HUDSON3/workspace/8-2-build-macosx-x86_64/jdk8u25/1514/hotspot/src/share/vm/prims/jvm.cpp, line 1312]
Event: 1.322 Thread 0x00007fc02980c000 Exception <a 'java/security/PrivilegedActionException'> (0x00000007a13acf98) thrown at [/HUDSON3/workspace/8-2-build-macosx-x86_64/jdk8u25/1514/hotspot/src/share/vm/prims/jvm.cpp, line 1312]
Event: 1.322 Thread 0x00007fc02980c000 Exception <a 'java/security/PrivilegedActionException'> (0x00000007a13ad908) thrown at [/HUDSON3/workspace/8-2-build-macosx-x86_64/jdk8u25/1514/hotspot/src/share/vm/prims/jvm.cpp, line 1312]
Event: 1.323 Thread 0x00007fc02980c000 Exception <a 'java/security/PrivilegedActionException'> (0x00000007a13b4628) thrown at [/HUDSON3/workspace/8-2-build-macosx-x86_64/jdk8u25/1514/hotspot/src/share/vm/prims/jvm.cpp, line 1312]
Event: 1.323 Thread 0x00007fc02980c000 Exception <a 'java/security/PrivilegedActionException'> (0x00000007a13b4f48) thrown at [/HUDSON3/workspace/8-2-build-macosx-x86_64/jdk8u25/1514/hotspot/src/share/vm/prims/jvm.cpp, line 1312]

Events (10 events):
Event: 1.334 Thread 0x00007fc02980c000 DEOPT UNPACKING pc=0x0000000107d63373 sp=0x000000010654fe18 mode 0
Event: 1.334 Thread 0x00007fc02980c000 DEOPT PACKING pc=0x0000000108182b32 sp=0x000000010654ffd0
Event: 1.334 Thread 0x00007fc02980c000 DEOPT UNPACKING pc=0x0000000107d63373 sp=0x000000010654fe18 mode 0
Event: 1.335 Thread 0x00007fc02980c000 DEOPT PACKING pc=0x0000000108182b32 sp=0x000000010654ffd0
Event: 1.335 Thread 0x00007fc02980c000 DEOPT UNPACKING pc=0x0000000107d63373 sp=0x000000010654fe18 mode 0
Event: 1.335 Thread 0x00007fc02980c000 DEOPT PACKING pc=0x0000000108182b32 sp=0x000000010654ffd0
Event: 1.336 Thread 0x00007fc02980c000 DEOPT UNPACKING pc=0x0000000107d63373 sp=0x000000010654fe18 mode 0
Event: 1.336 Thread 0x00007fc02980c000 DEOPT PACKING pc=0x0000000108182b32 sp=0x000000010654ffd0
Event: 1.336 Thread 0x00007fc02980c000 DEOPT UNPACKING pc=0x0000000107d63373 sp=0x000000010654fe18 mode 0
Event: 1.362 Executing VM operation: ParallelGCFailedAllocation


Dynamic libraries:
0x0000000001ce1000 	/System/Library/Frameworks/Cocoa.framework/Versions/A/Cocoa
0x0000000001ce1000 	/System/Library/Frameworks/Security.framework/Versions/A/Security
0x0000000001ce1000 	/System/Library/Frameworks/ApplicationServices.framework/Versions/A/ApplicationServices
0x0000000001ce1000 	/usr/lib/libz.1.dylib
0x0000000001ce1000 	/usr/lib/libSystem.B.dylib
0x0000000001ce1000 	/usr/lib/libobjc.A.dylib
0x0000000001ce1000 	/System/Library/Frameworks/CoreFoundation.framework/Versions/A/CoreFoundation
0x0000000001ce1000 	/System/Library/Frameworks/Foundation.framework/Versions/C/Foundation
0x0000000001ce1000 	/System/Library/Frameworks/AppKit.framework/Versions/C/AppKit
0x0000000001ce1000 	/System/Library/Frameworks/CoreData.framework/Versions/A/CoreData
0x0000000001ce1000 	/System/Library/PrivateFrameworks/RemoteViewServices.framework/Versions/A/RemoteViewServices
0x0000000001ce1000 	/System/Library/PrivateFrameworks/UIFoundation.framework/Versions/A/UIFoundation
0x0000000001ce1000 	/System/Library/Frameworks/IOSurface.framework/Versions/A/IOSurface
0x0000000001ce1000 	/System/Library/Frameworks/AudioToolbox.framework/Versions/A/AudioToolbox
0x0000000001ce1000 	/System/Library/Frameworks/AudioUnit.framework/Versions/A/AudioUnit
0x0000000001ce1000 	/System/Library/PrivateFrameworks/DataDetectorsCore.framework/Versions/A/DataDetectorsCore
0x0000000001ce1000 	/System/Library/PrivateFrameworks/DesktopServicesPriv.framework/Versions/A/DesktopServicesPriv
0x0000000001ce1000 	/System/Library/Frameworks/Carbon.framework/Versions/A/Frameworks/HIToolbox.framework/Versions/A/HIToolbox
0x0000000001ce1000 	/System/Library/Frameworks/QuartzCore.framework/Versions/A/QuartzCore
0x0000000001ce1000 	/System/Library/Frameworks/Carbon.framework/Versions/A/Frameworks/SpeechRecognition.framework/Versions/A/SpeechRecognition
0x0000000001ce1000 	/usr/lib/libauto.dylib
0x0000000001ce1000 	/usr/lib/libicucore.A.dylib
0x0000000001ce1000 	/usr/lib/libxml2.2.dylib
0x0000000001ce1000 	/System/Library/PrivateFrameworks/CoreUI.framework/Versions/A/CoreUI
0x0000000001ce1000 	/System/Library/Frameworks/CoreAudio.framework/Versions/A/CoreAudio
0x0000000001ce1000 	/System/Library/Frameworks/DiskArbitration.framework/Versions/A/DiskArbitration
0x0000000001ce1000 	/usr/lib/liblangid.dylib
0x0000000001ce1000 	/System/Library/PrivateFrameworks/MultitouchSupport.framework/Versions/A/MultitouchSupport
0x0000000001ce1000 	/System/Library/Frameworks/IOKit.framework/Versions/A/IOKit
0x0000000001ce1000 	/usr/lib/libDiagnosticMessagesClient.dylib
0x0000000001ce1000 	/System/Library/Frameworks/CoreServices.framework/Versions/A/CoreServices
0x0000000001ce1000 	/System/Library/PrivateFrameworks/PerformanceAnalysis.framework/Versions/A/PerformanceAnalysis
0x0000000001ce1000 	/System/Library/PrivateFrameworks/GenerationalStorage.framework/Versions/A/GenerationalStorage
0x0000000001ce1000 	/System/Library/Frameworks/OpenGL.framework/Versions/A/OpenGL
0x0000000001ce1000 	/System/Library/PrivateFrameworks/Sharing.framework/Versions/A/Sharing
0x0000000001ce1000 	/System/Library/Frameworks/CoreGraphics.framework/Versions/A/CoreGraphics
0x0000000001ce1000 	/System/Library/Frameworks/CoreText.framework/Versions/A/CoreText
0x0000000001ce1000 	/System/Library/Frameworks/ImageIO.framework/Versions/A/ImageIO
0x0000000001ce1000 	/usr/lib/libextension.dylib
0x0000000001ce1000 	/System/Library/PrivateFrameworks/Backup.framework/Versions/A/Backup
0x0000000001ce1000 	/usr/lib/libarchive.2.dylib
0x0000000001ce1000 	/System/Library/Frameworks/CFNetwork.framework/Versions/A/CFNetwork
0x0000000001ce1000 	/System/Library/Frameworks/SystemConfiguration.framework/Versions/A/SystemConfiguration
0x0000000001ce1000 	/usr/lib/libCRFSuite.dylib
0x0000000001ce1000 	/usr/lib/libc++.1.dylib
0x0000000001ce1000 	/usr/lib/libc++abi.dylib
0x0000000001ce1000 	/usr/lib/system/libcache.dylib
0x0000000001ce1000 	/usr/lib/system/libcommonCrypto.dylib
0x0000000001ce1000 	/usr/lib/system/libcompiler_rt.dylib
0x0000000001ce1000 	/usr/lib/system/libcopyfile.dylib
0x0000000001ce1000 	/usr/lib/system/libcorecrypto.dylib
0x0000000001ce1000 	/usr/lib/system/libdispatch.dylib
0x0000000001ce1000 	/usr/lib/system/libdyld.dylib
0x0000000001ce1000 	/usr/lib/system/libkeymgr.dylib
0x0000000001ce1000 	/usr/lib/system/liblaunch.dylib
0x0000000001ce1000 	/usr/lib/system/libmacho.dylib
0x0000000001ce1000 	/usr/lib/system/libquarantine.dylib
0x0000000001ce1000 	/usr/lib/system/libremovefile.dylib
0x0000000001ce1000 	/usr/lib/system/libsystem_asl.dylib
0x0000000001ce1000 	/usr/lib/system/libsystem_blocks.dylib
0x0000000001ce1000 	/usr/lib/system/libsystem_c.dylib
0x0000000001ce1000 	/usr/lib/system/libsystem_configuration.dylib
0x0000000001ce1000 	/usr/lib/system/libsystem_coreservices.dylib
0x0000000001ce1000 	/usr/lib/system/libsystem_coretls.dylib
0x0000000001ce1000 	/usr/lib/system/libsystem_dnssd.dylib
0x0000000001ce1000 	/usr/lib/system/libsystem_info.dylib
0x0000000001ce1000 	/usr/lib/system/libsystem_kernel.dylib
0x0000000001ce1000 	/usr/lib/system/libsystem_m.dylib
0x0000000001ce1000 	/usr/lib/system/libsystem_malloc.dylib
0x0000000001ce1000 	/usr/lib/system/libsystem_network.dylib
0x0000000001ce1000 	/usr/lib/system/libsystem_networkextension.dylib
0x0000000001ce1000 	/usr/lib/system/libsystem_notify.dylib
0x0000000001ce1000 	/usr/lib/system/libsystem_platform.dylib
0x0000000001ce1000 	/usr/lib/system/libsystem_pthread.dylib
0x0000000001ce1000 	/usr/lib/system/libsystem_sandbox.dylib
0x0000000001ce1000 	/usr/lib/system/libsystem_secinit.dylib
0x0000000001ce1000 	/usr/lib/system/libsystem_stats.dylib
0x0000000001ce1000 	/usr/lib/system/libsystem_trace.dylib
0x0000000001ce1000 	/usr/lib/system/libunc.dylib
0x0000000001ce1000 	/usr/lib/system/libunwind.dylib
0x0000000001ce1000 	/usr/lib/system/libxpc.dylib
0x0000000001ce1000 	/usr/lib/libbz2.1.0.dylib
0x0000000001ce1000 	/usr/lib/liblzma.5.dylib
0x0000000001ce1000 	/usr/lib/libbsm.0.dylib
0x0000000001ce1000 	/usr/lib/libsqlite3.dylib
0x0000000001ce1000 	/usr/lib/system/libkxld.dylib
0x0000000001ce1000 	/usr/lib/libxar.1.dylib
0x0000000001ce1000 	/usr/lib/libpam.2.dylib
0x0000000001ce1000 	/usr/lib/libOpenScriptingUtil.dylib
0x0000000001ce1000 	/System/Library/Frameworks/CoreServices.framework/Versions/A/Frameworks/FSEvents.framework/Versions/A/FSEvents
0x0000000001ce1000 	/System/Library/Frameworks/CoreServices.framework/Versions/A/Frameworks/CarbonCore.framework/Versions/A/CarbonCore
0x0000000001ce1000 	/System/Library/Frameworks/CoreServices.framework/Versions/A/Frameworks/Metadata.framework/Versions/A/Metadata
0x0000000001ce1000 	/System/Library/Frameworks/CoreServices.framework/Versions/A/Frameworks/OSServices.framework/Versions/A/OSServices
0x0000000001ce1000 	/System/Library/Frameworks/CoreServices.framework/Versions/A/Frameworks/SearchKit.framework/Versions/A/SearchKit
0x0000000001ce1000 	/System/Library/Frameworks/CoreServices.framework/Versions/A/Frameworks/AE.framework/Versions/A/AE
0x0000000001ce1000 	/System/Library/Frameworks/CoreServices.framework/Versions/A/Frameworks/LaunchServices.framework/Versions/A/LaunchServices
0x0000000001ce1000 	/System/Library/Frameworks/CoreServices.framework/Versions/A/Frameworks/DictionaryServices.framework/Versions/A/DictionaryServices
0x0000000001ce1000 	/System/Library/Frameworks/NetFS.framework/Versions/A/NetFS
0x0000000001ce1000 	/System/Library/PrivateFrameworks/NetAuth.framework/Versions/A/NetAuth
0x0000000001ce1000 	/System/Library/PrivateFrameworks/login.framework/Versions/A/Frameworks/loginsupport.framework/Versions/A/loginsupport
0x0000000001ce1000 	/System/Library/PrivateFrameworks/TCC.framework/Versions/A/TCC
0x0000000001ce1000 	/usr/lib/libmecabra.dylib
0x0000000001ce1000 	/System/Library/Frameworks/ApplicationServices.framework/Versions/A/Frameworks/ATS.framework/Versions/A/ATS
0x0000000001ce1000 	/System/Library/Frameworks/ApplicationServices.framework/Versions/A/Frameworks/ColorSync.framework/Versions/A/ColorSync
0x0000000001ce1000 	/System/Library/Frameworks/ApplicationServices.framework/Versions/A/Frameworks/HIServices.framework/Versions/A/HIServices
0x0000000001ce1000 	/System/Library/Frameworks/ApplicationServices.framework/Versions/A/Frameworks/LangAnalysis.framework/Versions/A/LangAnalysis
0x0000000001ce1000 	/System/Library/Frameworks/ApplicationServices.framework/Versions/A/Frameworks/PrintCore.framework/Versions/A/PrintCore
0x0000000001ce1000 	/System/Library/Frameworks/ApplicationServices.framework/Versions/A/Frameworks/QD.framework/Versions/A/QD
0x0000000001ce1000 	/System/Library/Frameworks/ApplicationServices.framework/Versions/A/Frameworks/SpeechSynthesis.framework/Versions/A/SpeechSynthesis
0x0000000001ce1000 	/System/Library/Frameworks/Accelerate.framework/Versions/A/Accelerate
0x0000000001ce1000 	/System/Library/Frameworks/Accelerate.framework/Versions/A/Frameworks/vImage.framework/Versions/A/vImage
0x0000000001ce1000 	/System/Library/Frameworks/Accelerate.framework/Versions/A/Frameworks/vecLib.framework/Versions/A/vecLib
0x0000000001ce1000 	/System/Library/Frameworks/Accelerate.framework/Versions/A/Frameworks/vecLib.framework/Versions/A/libvDSP.dylib
0x0000000001ce1000 	/System/Library/Frameworks/Accelerate.framework/Versions/A/Frameworks/vecLib.framework/Versions/A/libvMisc.dylib
0x0000000001ce1000 	/System/Library/Frameworks/Accelerate.framework/Versions/A/Frameworks/vecLib.framework/Versions/A/libLAPACK.dylib
0x0000000001ce1000 	/System/Library/Frameworks/Accelerate.framework/Versions/A/Frameworks/vecLib.framework/Versions/A/libBLAS.dylib
0x0000000001ce1000 	/System/Library/Frameworks/Accelerate.framework/Versions/A/Frameworks/vecLib.framework/Versions/A/libLinearAlgebra.dylib
0x0000000001ce1000 	/System/Library/Frameworks/ApplicationServices.framework/Versions/A/Frameworks/ATS.framework/Versions/A/Resources/libFontParser.dylib
0x0000000001ce1000 	/System/Library/Frameworks/ApplicationServices.framework/Versions/A/Frameworks/ATS.framework/Versions/A/Resources/libFontRegistry.dylib
0x0000000001ce1000 	/System/Library/PrivateFrameworks/AppleVPA.framework/Versions/A/AppleVPA
0x0000000001ce1000 	/System/Library/PrivateFrameworks/AppleJPEG.framework/Versions/A/AppleJPEG
0x0000000001ce1000 	/System/Library/Frameworks/ImageIO.framework/Versions/A/Resources/libJPEG.dylib
0x0000000001ce1000 	/System/Library/Frameworks/ImageIO.framework/Versions/A/Resources/libTIFF.dylib
0x0000000001ce1000 	/System/Library/Frameworks/ImageIO.framework/Versions/A/Resources/libPng.dylib
0x0000000001ce1000 	/System/Library/Frameworks/ImageIO.framework/Versions/A/Resources/libGIF.dylib
0x0000000001ce1000 	/System/Library/Frameworks/ImageIO.framework/Versions/A/Resources/libJP2.dylib
0x0000000001ce1000 	/System/Library/Frameworks/ImageIO.framework/Versions/A/Resources/libRadiance.dylib
0x0000000001ce1000 	/System/Library/Frameworks/CoreVideo.framework/Versions/A/CoreVideo
0x0000000001ce1000 	/System/Library/Frameworks/OpenGL.framework/Versions/A/Libraries/libGLU.dylib
0x0000000001ce1000 	/System/Library/Frameworks/OpenGL.framework/Versions/A/Libraries/libGFXShared.dylib
0x0000000001ce1000 	/System/Library/Frameworks/OpenGL.framework/Versions/A/Libraries/libGL.dylib
0x0000000001ce1000 	/System/Library/Frameworks/OpenGL.framework/Versions/A/Libraries/libGLImage.dylib
0x0000000001ce1000 	/System/Library/Frameworks/OpenGL.framework/Versions/A/Libraries/libCVMSPluginSupport.dylib
0x0000000001ce1000 	/System/Library/Frameworks/OpenGL.framework/Versions/A/Libraries/libCoreVMClient.dylib
0x0000000001ce1000 	/usr/lib/libcups.2.dylib
0x0000000001ce1000 	/System/Library/Frameworks/Kerberos.framework/Versions/A/Kerberos
0x0000000001ce1000 	/System/Library/Frameworks/GSS.framework/Versions/A/GSS
0x0000000001ce1000 	/usr/lib/libresolv.9.dylib
0x0000000001ce1000 	/usr/lib/libiconv.2.dylib
0x0000000001ce1000 	/System/Library/PrivateFrameworks/Heimdal.framework/Versions/A/Heimdal
0x0000000001ce1000 	/usr/lib/libheimdal-asn1.dylib
0x0000000001ce1000 	/System/Library/Frameworks/OpenDirectory.framework/Versions/A/OpenDirectory
0x0000000001ce1000 	/System/Library/PrivateFrameworks/CommonAuth.framework/Versions/A/CommonAuth
0x0000000001ce1000 	/System/Library/Frameworks/OpenDirectory.framework/Versions/A/Frameworks/CFOpenDirectory.framework/Versions/A/CFOpenDirectory
0x0000000001ce1000 	/System/Library/Frameworks/SecurityFoundation.framework/Versions/A/SecurityFoundation
0x0000000001ce1000 	/System/Library/PrivateFrameworks/LanguageModeling.framework/Versions/A/LanguageModeling
0x0000000001ce1000 	/usr/lib/libcmph.dylib
0x0000000001ce1000 	/System/Library/Frameworks/ServiceManagement.framework/Versions/A/ServiceManagement
0x0000000001ce1000 	/usr/lib/libxslt.1.dylib
0x0000000001ce1000 	/System/Library/Frameworks/Carbon.framework/Versions/A/Frameworks/Ink.framework/Versions/A/Ink
0x0000000001ce1000 	/System/Library/Frameworks/QuartzCore.framework/Versions/A/Frameworks/CoreImage.framework/Versions/A/CoreImage
0x0000000001ce1000 	/System/Library/PrivateFrameworks/CrashReporterSupport.framework/Versions/A/CrashReporterSupport
0x0000000001ce1000 	/System/Library/Frameworks/OpenCL.framework/Versions/A/OpenCL
0x0000000001ce1000 	/System/Library/PrivateFrameworks/FaceCore.framework/Versions/A/FaceCore
0x0000000001ce1000 	/System/Library/PrivateFrameworks/Ubiquity.framework/Versions/A/Ubiquity
0x0000000001ce1000 	/System/Library/PrivateFrameworks/IconServices.framework/Versions/A/IconServices
0x0000000001ce1000 	/System/Library/PrivateFrameworks/ChunkingLibrary.framework/Versions/A/ChunkingLibrary
0x0000000001ce1000 	/System/Library/PrivateFrameworks/Apple80211.framework/Versions/A/Apple80211
0x0000000001ce1000 	/System/Library/Frameworks/CoreWLAN.framework/Versions/A/CoreWLAN
0x0000000001ce1000 	/System/Library/Frameworks/IOBluetooth.framework/Versions/A/IOBluetooth
0x0000000001ce1000 	/System/Library/PrivateFrameworks/CoreWiFi.framework/Versions/A/CoreWiFi
0x0000000001ce1000 	/System/Library/Frameworks/CoreBluetooth.framework/Versions/A/CoreBluetooth
0x0000000001ce1000 	/System/Library/PrivateFrameworks/DebugSymbols.framework/Versions/A/DebugSymbols
0x0000000001ce1000 	/System/Library/PrivateFrameworks/CoreSymbolication.framework/Versions/A/CoreSymbolication
0x0000000001ce1000 	/System/Library/PrivateFrameworks/Symbolication.framework/Versions/A/Symbolication
0x0000000001ce1000 	/System/Library/PrivateFrameworks/SpeechRecognitionCore.framework/Versions/A/SpeechRecognitionCore
0x0000000106e00000 	/Library/Java/JavaVirtualMachines/jdk1.8.0_25.jdk/Contents/Home/jre/lib/server/libjvm.dylib
0x0000000001ce1000 	/usr/lib/libstdc++.6.dylib
0x0000000106555000 	/Library/Java/JavaVirtualMachines/jdk1.8.0_25.jdk/Contents/Home/jre/lib/libverify.dylib
0x0000000106563000 	/Library/Java/JavaVirtualMachines/jdk1.8.0_25.jdk/Contents/Home/jre/lib/libjava.dylib
0x00000001065a1000 	/Library/Java/JavaVirtualMachines/jdk1.8.0_25.jdk/Contents/Home/jre/lib/libzip.dylib
0x000000011ca95000 	/System/Library/Frameworks/JavaVM.framework/Frameworks/JavaRuntimeSupport.framework/JavaRuntimeSupport
0x000000011caab000 	/System/Library/Frameworks/JavaVM.framework/Versions/A/Frameworks/JavaNativeFoundation.framework/Versions/A/JavaNativeFoundation
0x00000001065f1000 	/System/Library/Frameworks/JavaVM.framework/Versions/A/JavaVM
0x0000000001ce1000 	/System/Library/Frameworks/Carbon.framework/Versions/A/Carbon
0x000000011cabf000 	/System/Library/PrivateFrameworks/JavaLaunching.framework/Versions/A/JavaLaunching
0x0000000001ce1000 	/System/Library/Frameworks/Carbon.framework/Versions/A/Frameworks/CommonPanels.framework/Versions/A/CommonPanels
0x0000000001ce1000 	/System/Library/Frameworks/Carbon.framework/Versions/A/Frameworks/Help.framework/Versions/A/Help
0x0000000001ce1000 	/System/Library/Frameworks/Carbon.framework/Versions/A/Frameworks/ImageCapture.framework/Versions/A/ImageCapture
0x0000000001ce1000 	/System/Library/Frameworks/Carbon.framework/Versions/A/Frameworks/OpenScripting.framework/Versions/A/OpenScripting
0x0000000001ce1000 	/System/Library/Frameworks/Carbon.framework/Versions/A/Frameworks/Print.framework/Versions/A/Print
0x0000000001ce1000 	/System/Library/Frameworks/Carbon.framework/Versions/A/Frameworks/SecurityHI.framework/Versions/A/SecurityHI
0x000000011ecf2000 	/Library/Java/JavaVirtualMachines/jdk1.8.0_25.jdk/Contents/Home/jre/lib/libnet.dylib
0x000000011ed09000 	/Library/Java/JavaVirtualMachines/jdk1.8.0_25.jdk/Contents/Home/jre/lib/libnio.dylib

VM Arguments:
jvm_args: -Dant.home=/usr/local/Cellar/ant/1.9.4/libexec -Dant.library.dir=/usr/local/Cellar/ant/1.9.4/libexec/lib 
java_command: org.apache.tools.ant.launch.Launcher -cp 
java_class_path (initial): /usr/local/Cellar/ant/1.9.4/libexec/lib/ant-launcher.jar
Launcher Type: SUN_STANDARD

Environment Variables:
JAVA_HOME=/Library/Java/JavaVirtualMachines/jdk1.8.0_25.jdk/Contents/Home
PATH=/Library/Frameworks/Python.framework/Versions/3.4/bin:/Users/Yuang/Downloads/cocos2d-x-3.3/templates:/Users/Yuang/Downloads/cocos2d-x-3.3:/Users/Yuang/Downloads/cocos2d-x-3.3/tools/cocos2d-console/bin:/usr/local/bin:/usr/bin:/bin:/usr/sbin:/sbin
SHELL=/bin/bash
DISPLAY=/private/tmp/com.apple.launchd.ncylpLIoWM/org.macosforge.xquartz:0

Signal Handlers:
SIGSEGV: [libjvm.dylib+0x579dc7], sa_mask[0]=11111111011111110111111111111111, sa_flags=SA_ONSTACK|SA_RESTART|SA_SIGINFO
SIGBUS: [libjvm.dylib+0x579dc7], sa_mask[0]=11111111011111110111111111111111, sa_flags=SA_RESTART|SA_SIGINFO
SIGFPE: [libjvm.dylib+0x45b030], sa_mask[0]=11111111011111110111111111111111, sa_flags=SA_RESTART|SA_SIGINFO
SIGPIPE: [libjvm.dylib+0x45b030], sa_mask[0]=11111111011111110111111111111111, sa_flags=SA_RESTART|SA_SIGINFO
SIGXFSZ: [libjvm.dylib+0x45b030], sa_mask[0]=11111111011111110111111111111111, sa_flags=SA_RESTART|SA_SIGINFO
SIGILL: [libjvm.dylib+0x45b030], sa_mask[0]=11111111011111110111111111111111, sa_flags=SA_RESTART|SA_SIGINFO
SIGUSR1: SIG_DFL, sa_mask[0]=11011111011111100000000111000110, sa_flags=none
SIGUSR2: [libjvm.dylib+0x45ab4e], sa_mask[0]=00000000000000000000000000000000, sa_flags=SA_RESTART|SA_SIGINFO
SIGHUP: [libjvm.dylib+0x459121], sa_mask[0]=11111111011111110111111111111111, sa_flags=SA_RESTART|SA_SIGINFO
SIGINT: [libjvm.dylib+0x459121], sa_mask[0]=11111111011111110111111111111111, sa_flags=SA_RESTART|SA_SIGINFO
SIGTERM: [libjvm.dylib+0x459121], sa_mask[0]=11111111011111110111111111111111, sa_flags=SA_RESTART|SA_SIGINFO
SIGQUIT: [libjvm.dylib+0x459121], sa_mask[0]=11111111011111110111111111111111, sa_flags=SA_RESTART|SA_SIGINFO


---------------  S Y S T E M  ---------------

OS:Bsduname:Darwin 14.3.0 Darwin Kernel Version 14.3.0: Mon Mar 23 11:59:05 PDT 2015; root:xnu-2782.20.48~5/RELEASE_X86_64 x86_64
rlimit: STACK 8192k, CORE 0k, NPROC 709, NOFILE 10240, AS infinity
load average:1.99 1.91 1.78

CPU:total 4 (2 cores per cpu, 2 threads per core) family 6 model 58 stepping 9, cmov, cx8, fxsr, mmx, sse, sse2, sse3, ssse3, sse4.1, sse4.2, popcnt, avx, aes, clmul, erms, ht, tsc, tscinvbit, tscinv

Memory: 4k page, physical 6291456k(260428k free)

/proc/meminfo:


vm_info: Java HotSpot(TM) 64-Bit Server VM (25.25-b02) for bsd-amd64 JRE (1.8.0_25-b17), built on Sep 17 2014 16:56:50 by "java_re" with gcc 4.2.1 (Based on Apple Inc. build 5658) (LLVM build 2336.11.00)

time: Tue Jun 23 21:15:24 2015
elapsed time: 1 seconds (0d 0h 0m 1s)

